[    0.000000 Initalizng croup subsys cpuset
[    0.00000] Initializing cgroupsusys pu
    .00000] Iniialiin cgrop subsy cpuacct
[   0.00000 Linx vrsion 4.4.0116-eneri (buldd@lg01-amd4-21) (gc verion 54.0 0160609(Ubutu5.4.-6ubuntu1~16.4.9)) #10-Ubunt SMP on Feb 12 1:2304 UTC208 Ubunu 44.-116140-geeric .4.98)
    .00000] ommad line: BOT_IMGE/boo/vlinuz4.4.-116generc rootLABE=clodimgrootfsro cnsol=tty console=tyS0
[   000000] KENEL uporte cpus
[   0.0000]   Itel enuieIntel
[    0.000000]   AMD AuthenticAMD
[    0.000000]   Centaur CentarHaus
[    0.00000 x86/fpu xstate_ofset[2]:  576, xstate_sizes[2]:  256
[    0.000000] x86/fpu: Supporting XSAVE feature 0x01: 'x87 floating point registers'
[    0.000000] x86/fpu: Supportin XSAVE fatur 0x0: 'SSEregisters'
[   0.000000] x86/fp: Supporting XSAVE feature 0x04: 'AVX registers'
[    0.000000] x86/fpu: Enabled xstate features 0x7, context size is 832 bytes, using 'standard' format.
[    0.000000] x86/fpu: Using 'azy' FPU context switches.
[    0.000000] e820: BIOS-provided physical RAM map:
[    0.000000] BIOS-e820 [mem 000000000000000-0x000000000009fbff] usable
    0.00000]BIOS-e20: [mem 0x000000000009f00-0x000000000009ffff] reserved
[    0.000000] BIOS-e820: [me 0x00000000000f0000-0x00000000000fffff]reseved
[    0.000000] BIOSe820: mem 0x000000000100000-0x000000003ffeffff] usable
[    0.000000] BIOS-e820: [mem 0x00000003ff0000-0000000003fffffff] ACPI data
[    0000000] BIOS-e820: [mem 0x00000000fec00000-0x00000000fec00fff] reserved
[    0.000000] BIOS-e820: [mem 0x00000000fee00000-0x0000000fee00fff] reserved
[    0.000000] BIOS-e820: [mem 0x00000000fffc0000-x00000000ffffffff] reserved
[    0.000000] NX(Execue Disable) prtection: active
[    0.000000] SMBOS 2.5presnt.
[   0.00000] Hypervisr deteted: KVM
[    0.000000] e820: last_pfn = 0x3fff0 max_archpfn = 0x400000000
[    0.000000] MTRR: Disabled
[    0.000000] x86/PAT: TRs disaled,skipping PT initalizaion too.
[    0.000000] CPU MTRRs all blank - virtualized system.
[    0.000000] x86/PAT: Configuration [0-7]: WB  WT  UC- UC  WB  WT  UC- UC  
[    0.000000] found SMP MP-table at [mem 0x0009fff0-0x0009ffff] mapped at [ffff88000009fff0]
[    0.000000] Scanning 1 areas for low memory corruption
[    0.000000] RAMDISK: [mem 0x36ac2000-0x37558fff]
[    0.000000] ACPI: Early table checksum verification disabled
[    0.000000] ACPI: RSDP 0x00000000000E0000 000024 (v02 VBOX  )
[    0.000000] ACPI: XSDT 0x000000003FFF0030 00003C (v01 VBOX   VBOXXSDT 00000001 ASL  00000061)
[    0.000000] ACPI: FACP 0x000000003FFF00F0 0000F4 (v04 VBOX   VBOXFACP 00000001 ASL  00000061)
[   0.000000] ACPI: DSDT 0x000000003FFF0470 0021FF (v02 VBOX   VBOXBIOS 00000002 INTL 20100528)
[    0.000000] ACPI: FACS 0x000000003FFF0200 000040
[    0.000000] ACPI: FACS 0x000000003FFF0200 000040
[    0.000000] ACPI: APIC 0x000000003FFF240 00005C (v02 VBOX   VBOXAPIC 0000001 ASL 00000061)
[    0000000 ACI: SDT 0x000000003FFF02A00001C (v01VBOX   VBXCPU 00000002 INTL 20100528)
[    0.000000] No NUMA configuratin foun
[    0.00000]Faking a node at [mem0x000000000000000-0x000000003ffeffff]
[    0.000000] NODE_DATA(0) allocated [mem 0x3ffeb000-0x3ffeffff]
[    0.000000] kvm-clock: Using msrs 4b564d01 and 4b564d00
[    0.000000] kvm-clock: cpu 0, msr 0:3ffe3001, primay pu cloc
    0.0000] kvm-clck: sing schd offset f 450155456 cycles
[    0.000000] clocksource: kvm-clock: mask: 0xfffffffffffffff max_cycles: 0x1cd42e4dffb, max_idle_ns: 881590591483 ns
[    0.000000] Zone ranges:
[    0.000000]   DMA      [mem 0x0000000000001000-0x0000000000ffffff]
[    0.000000]   DMA32    [mem 0x0000000001000000-0x000000003ffeffff]
[    0.000000]   Normal   empty
[    0.000000]   Device   empty
[    0.000000] Movable zone start for each node
[    0.000000] Early memory node ranges
[    0.000000]   node   0: [mem 0x0000000000001000-0x0000000009efff
[    0.00000]   node   0: [mem 0x0000000000100000-0x000000003ffefff]
[    0.00000] Initmem setup node 0 [mem 0x0000000000001000-0x000000003ffeffff]
[    0.000000] ACPI: PM-Timer IO Port: 0x008
[    0.000000] IOAPIC[]: apic_id 2, version 32, address 0xfec00000, GSI 0-23
[    0.000000 ACPI: INT_SRC_OVR (bus 0 bus_irq 0 global_irq 2 dfl dfl)
[    0.000000] ACPI: INT_SRC_OVR (bus 0 bus_irq 9 global_irq 9 low level)
[    0.000000] Using ACPI (MADT) for SMP configuration information
[    0.000000] smpbot: llowin 2 CPUs, 0 hotplugCPUs
    0.000000 PM: Regstered osave emor: [mm 0x00000000-0x00000fff]
[    0.00000] M: Registered nosave memory: [mem 0x0009f000-0x0009ffff]
    0.000000] PM: Registered nosave memory: [mem 0x000a0000-x000efff]
[   0.000000] PM: Registered nosave mmory: [mem 0x000f0000-0x000fffff]
[    0.000000] e820: [mem 0x40000000-0xfebfffff] available for PCI devices
[    0.000000] Booting paravirtualzedkernel o KVM
[    0.00000]clocksorce: reined-jifies mask: 0xffffffff max_cycles: 0xffffffff, max_idle_ns: 6455190021158 ns
    0.000000] setup_percp: NR_CPUS:512 nr_cpumak_bits:512 nr_cpu_ids:2 nr_node_is:1
[    0.000000] PERCPU: Embedded 34 pages/cpu @ffff88003fc0000 s99544 r8192 d31528 u104856
[    0.00000] PV qspinlock hash table entries: 256 (order: 0, 4096 bytes)
[    0.00000] Built 1 zonelists in Node order, mobility grouping on.  Total pages: 257913
[    0.000000] Policy zone: DMA32
[    0.000000] Kernel command line: BOOT_IMAGE=/boot/vmlinuz-4.4.0-116-generic root=LABEL=cloudimg-rootfs ro console=tty1 console=ttyS0
[    0.000000] PID hash table entries: 4096 (order: 3, 32768 bytes)
[    0.000000] Mmory 100168K/148120K avaiable (530K kernel ode, 1309K wdata, 3992K rdata, 1508K init, 1316K bss, 46432K reserved, 0K cma-reserved)
[    0.000000] SLUB: HWalign=64, rder=0-3,MinObjects=0,CPUs=2, Nodes=1
[    0.000000] Kernel/User page tales islation: enabled
[    0.000000] Hierarchical RCU implementation.
[    0.000000] 	Build-time adjustment of lea fanout to 6.
[   0.00000] 	CU estricting CPUs from NR_CPUS=512 to nr_cp_ids=2.
[    0.000000] RCU: Adustinggeometry fr rcu_anou_leaf=4, nr_cpu_is=2
[    0.000000] NR_IRQS:33024 nr_irqs:440 16
[    0.000000] Console: colour VGA+ 80x25
[    0.00000]console [tty1] enabled
[    0.000000] console ttyS0] enabled
[   0.000000] tsc: Detected 2095.246 MHz processor
[   15.026794] Calibrating delay loop (skipped) preset value.. 4190.49 BogoMIPS (lpj=8380984)
[   15.097819] pid_max: default: 32768 minimum: 301
[   15.178629] ACPI: Core revision 20150930
[   15.201871] ACPI: 2 ACPI AML tables successfully acquired and loaded
[   15.279028] Security Framework initialized
[   15.315329] Yama: becoming mindful.
[   15.333151] AppArmor: AppArmor initialized
[   15.343435] Dentry cache hash table entries: 131072 (order: 8, 1048576 bytes)
[   15.349132] Inode-cache hash table entries: 65536 (order: 7, 524288 bytes)
[   15.363324] Mount-cache hash table entries: 2048 (order: 2, 16384 bytes)
[   15.367342] Mountpoint-cache hash table entries: 2048 (order: 2, 16384 bytes)
[   15.371596] Initializing cgroup subsys io
[   15.374219] Initializing cgroup subsys memory
[   15.376627] Initializing cgroup subsys devices
[   15.379106] Initializing cgroup subsys freezer
[   15.381901] Initializing cgroup subsys net_cls
[   15.384181] Initializing cgroup subsys perf_event
[   15.386731] Initializing cgroup subsys net_prio
[   15.389204] Initializing cgroup subsys hugetlb
[   15.391569] Initializing cgroup subsys pids
[   15.394348] CPU: Physical Processor ID: 0
[   15.397588] CPU: Processor Core ID: 0
[   15.400839] FEATURE SPEC_CTRL Not Present
[   15.405220] mce: CPU supports 0 MCE banks
[   15.407551] Last level iTLB entries: 4KB 512, 2MB 8, 4MB 8
[   15.410314] Last level dTLB entries: 4KB 512, 2MB 32, 4MB 32, 1GB 0
[   15.416160] Spectre V2 mitigation: Mitigation: Full generic retpoline
[   15.420046] Spectre V2 mitigation: Speculation control IBPB not-supported IBRS not-supported
[   15.432822] Freeing SMP alternatives memory: 32K
[   15.461866] ftrace: allocating 32186 entries in 126 pages
[   15.619178] smpboot: APIC(0) Converting physical 0 to logical package 0
[   15.654132] smpboot: Max logical packages: 1
[   15.679941] x2apic enabled
[   15.716675] Switched APIC routing to physical x2apic.
[   15.731771] ..TIMER: vector=0x30 apic1=0 pin1=2 apic2=-1 pin2=-1
[   15.921307] smpboot: CPU0: Intel(R) Core(TM) i7-3612QM CPU @ 2.10GHz (family: 0x6, model: 0x3a, stepping: 0x9)
[   16.007153] Performance Events: unsupported p6 CPU model 58 no PMU driver, software events only.
[   16.027148] KVM setup paravirtual spinlock
[   16.031179] x86: Booting SMP configuration:
[   16.086983] .... node  #0, CPUs:      #1
[   16.118823] kvm-clock: cpu 1, msr 0:3ffe3041, secondary cpu clock
[   16.138707] mce: CPU supports 0 MCE banks
[   16.148151] x86: Booted up 1 node, 2 CPUs
[   16.151048] smpboot: Total of 2 processors activated (8380.98 BogoMIPS)
[   16.157684] devtmpfs: initialized
[   16.171649] evm: security.selinux
[   16.190363] evm: security.SMACK64
[   16.192285] evm: security.SMACK64EXEC
[   16.194413] evm: security.SMACK64TRANSMUTE
[   16.196627] evm: security.SMACK64MMAP
[   16.198807] evm: security.ima
[   16.200637] evm: security.capability
[   16.203281] clocksource: jiffies: mask: 0xffffffff max_cycles: 0xffffffff, max_idle_ns: 7645041785100000 ns
[   16.208201] futex hash table entries: 512 (order: 3, 32768 bytes)
[   16.211470] pinctrl core: initialized pinctrl subsystem
[   16.219072] RTC time: 17:08:01, date: 03/21/18
[   16.221730] NET: Registered protocol family 16
[   16.233710] cpuidle: using governor ladder
[   16.246221] cpuidle: using governor menu
[   16.281099] PCCT header not found.
[   16.314798] ACPI: bus type PCI registered
[   16.357093] acpiphp: ACPI Hot Plug PCI Controller Driver version: 0.5
[   16.423410] PCI: Usinggconfiguration type 1 for base access
[   16.447350] ACPI: Added _OSI(Module Device)
[   16.486897] ACPI: Added _OSI(Processor Device)
[   16.499232] ACPI: Added _OSI(3.0 _SCP Extensions)
[   16.509908] ACPI: Added _OSI(Processor Aggregator Device)
[   16.532877] ACPI: Executed 1 blocks of module-level executable AML code
[   16.553931] ACPI: Interpreter enabled
[   16.558174] ACPI: (supports S0 S5)
[   16.560695] ACPI: Using IOAPIC for interrupt routing
[   16.564166] PCI: Using host bridge windows from ACPI; if necessary, use "pci=nocrs" and report a bug
[   16.579030] ACPI: PCI Root Bridge [PCI0] (domain 0000 [bus 00-ff])
[   16.629797] acpi PNP0A03:00: _OSC: OS supports [ASPM ClockPM Segments MSI]
[   16.666986] acpi PNP0A03:00: _OSC: not requesting OS control; OS requires [ExtendedConfig ASPM ClockPM MSI]
[   16.761708] acpi PNP0A03:00: fail to add MMCONFIG information, can't access extended PCI configuration space under this bridge.
[   16.876568] PCI host bridge to bus 0000:00
[   16.899198] pci_bus 0000:00: root bus resource [io  0x0000-0x0cf7 window]
[   16.938412] pci_bus 0000:00: root bus resource [io  0x0d00-0xffff window]
[   16.956237] pci_bus 0000:00: root bus resource [mem 0x000a0000-0x000bffff window]
[   16.960172] pci_bus 0000:00: root bus resource [mem 0x40000000-0xfdffffff window]
[   16.964026] pci_bus 0000:00: root bus resource [bus 00-ff]
[   16.971707] pci 0000:00:01.1: legacy IDE quirk: reg 0x10: [io  0x01f0-0x01f7]
[   17.003136] pci 0000:00:01.1: legacy IDE quirk: reg 0x14: [io  0x03f6]
[   17.006223] pci 0000:00:01.1: legacy IDE quirk: reg 0x18: [io  0x0170-0x0177]
[   17.034124] pci 0000:00:01.1: legacy IDE quirk: reg 0x1c: [io  0x0376]
[   17.081209] pci 0000:00:07.0: quirk: [io  0x4000-0x403f] claimed by PIIX4 ACPI
[   17.143578] pci 0000:00:07.0: quirk: [io  0x4100-0x410f] claimed by PIIX4 SMB
[   17.218989] ACPI: PCI Interrupt Link [LNKA] (IRQs 5 9 10 *11)
[   17.271693] ACPI: PCI Interrupt Link [LNKB] (IRQs 5 9 *10 11)
[   17.291785] ACPI: PCI Interrupt Link [LNKC] (IRQs 5 *9 10 11)
[   17.296059] ACPI: PCI Interrupt Link [LNKD] (IRQs 5 9 10 *11)
[   17.305987] ACPI: Enabled 2 GPEs in block 00 to 07
[   17.309578] vgaarb: setting as boot device: PCI:0000:00:02.0
[   17.313972] vgaarb: device added: PCI:0000:00:02.0,decodes=io+mem,owns=io+mem,locks=none
[   17.318181] vgaarb: loaded
[   17.336186] vgaarb: bridge control possible 0000:00:02.0
[   17.344828] SCSI subsystem initialized
[   17.347209] ACPI: bus type USB registered
[   17.349463] usbcore: registered new interface driver usbfs
[   17.378928] usbcore: registered new interface driver hub
[   17.418894] usbcore: registered new device driver usb
[   17.443871] PCI: Using ACPI for IRQ routing
[   17.479075] NetLabel: Initializing
[   17.497201] NetLabel:  domain hash size = 128
[   17.506359] NetLabel:  protocols = UNLABELED CIPSOv4
[   17.513073] NetLabel:  unlabeled traffic allowed by default
[   17.583389] amd_nb: Cannot enumerate AMD northbridges
[   17.600363] clocksource: Switched to clocksource kvm-clock
[   7.1897 AArorApArorFisystem Enabled
[   18.270425] pnp: PnP ACPI init
[  1.24727] np PP CP: oud devices

[   18.878409] clocksource: acpi_pm: mask: 0xffffff max_cycles: 0xffffff, max_idle_ns: 2085701024 ns
[   18.884656] NET: Registered protocol family 2
[   18.892291] TCP established hash table entries: 8192 (order: 4, 65536 bytes)
[   18.904734] TCP bind hash table entries: 8192 (order: 5, 131072 bytes)
[   18.907808] TCP: Hash tables configured (established 8192 bind 8192)
[   18.920002] UDP hash table entries: 512 (order: 2, 16384 bytes)
[   18.923055] UDP-Lite hash table entries: 512 (order: 2, 16384 bytes)
[   18.927637] NET: Registered protocol family 1
[   18.929914] pci 0000:00:00.0: Limiting direct PCI/PCI transfers
[   18.934801] pci 0000:00:01.0: Activating ISA DMA hang workarounds
[   18.938073] Unpacking initramfs...
[   23.700226] Freeing initrd memory: 10844K
[   23.704983] RAPL PMU detected, API unit is 2^-32 Joules, 3 fixed counters 10737418240 ms ovfl timer
[   23.714202] hw unit of domain pp0-core 2^-0 Joules
[   23.716677] hw unit of domain package 2^-0 Joules
[   23.719072] hw unit of domain pp1-gpu 2^-0 Joules
[   23.721657] platform rtc_cmos: registered platform RTC device (no PNP device found)
[   23.733690] Scanning for low memory corruption every 60 seconds
[   23.738466] audit: initializing netlink subsys (disabled)
[   23.748045] audit: type=2000 audit(1521652078.313:1): initialized
[   23.759773] Initialise system trusted keyring
[   23.773992] HugeTLB registered 2 MB page size, pre-allocated 0 pages
[   23.85348]bu: oaed

[   24.214158] VFS: Disk quotas dquot_6.6.0
[   24.216539] VFS: Dquot-cache hash table entries: 512 orer0,4096 bytes)
[   24.452901] squashfs: version 4.0 (2009/01/31) Phillip Lougher
[   24.456663] fue init (API version 7.23)

[  24.5125] Key type big_key registered
[  24.665824] Allocating IMA MOK and blacklist keyrings.

[   24.720467] tsc: Refined TSC clocksource calibration: 2095.218 MHz
[   24.723432] clocksource: tsc: mask: 0xffffffffffffffff max_cycles: 0x1e338b36e97, max_idle_ns: 440795228873 ns
[   24.731108] Key type asymmetric registered
[   24.738691] Asymmetric key parser 'x509' registered
[   24.741370] Block layer SCSI generic (bsg) driver version 0.4 loaded (major 249)
[   24.745393] io scheduler noop registered
[   24.747490] io scheduler deadline registered (default)
[   24.750221] io scheduler cfq registered
[   24.752484] pci_hotplug: PCI Hot Plug PCI Core version: 0.5
[   24.755228] pcihp PI xpesHo PugControllr rierversio 0.4
[   25.9364] ACPI: AC Adapter [AC] (on-line)
[   25.748125] input: Power Button as /devices/LNXSYSTM:00/LNXPWRBN:00/input/input0
[   25.786683] ACPI: Power Button [PWRF]
[   25.795690] input: Sleep Button as /devices/LNXSYSTM:00/LNXSLPBN:00/input/input1
[   25.799611] ACPI: Sleep Button [SLPF]
[   25.802461] GHES: HEST is not enabled!
[   25.804796] Serial: 8250/16550 driver, 32 ports, IRQ sharing enabled
[  2.83435] 0002 tyS a IO x38 ir = 4, se_baud = 115200) is a 16550A

[   26.585673] Linux agpgart interface v0.103
[   26.595719] loop: module loaded
[   26.602309] scsi host0: ata_piix
[   26.606310] scsi host1: ata_piix
[   26.609366] ata1: PATA max UDMA/33 cmd 0x1f0 ctl 0x3f6 bmdma 0xd000 irq 14
[   26.612789] ata2: PATA max UDMA/33 cmd 0x170 ctl 0x376 bmdma 0xd008 irq 15
[   26.616647] libphy: Fixed MDIO Bus: probed
[   26.629597] tun: Universal TUN/TAP device driver, 1.6
[   26.632049] tun: (C) 1999-2004 Max Krasnyansky <maxk@qualcomm.com>
[   26.635658] PPP generic driver version 2.4.2
[   26.638150] ehci_hcd: USB 2.0 'Enhanced' Host Controller (EHCI) Driver
[   26.643736] ehci-pci: EHCI PCI platform driver
[   26.646118] ehci-platform: EHCI generic platform driver
[   26.648772] ohci_hcd: USB 1.1 'Open' Host Controller (OHCI) Driver
[   26.651731] ohci-pci: OHCI PCI platform driver
[   26.663027] ohci-platform: OHCI generic platform driver
[   26.665662] uhci_hcd: USB Universal Host Controller Interface driver
[   26.670003] i8042: PNP: PS/2 Controller [PNP0303:PS2K,PNP0f03:PS2M] at 0x60,0x64 irq 1,12
[   26.676808] serio: i8042 KBD port at 0x60,0x64 irq 1
[   26.689780] serio: i8042 AUX port at 0x60,0x64 irq 12
[   26.694633] mousedev: PS/2 mouse device common for all mice
[   26.698723] rtc_cmos rtc_cmos: rtc core: registered rtc_cmos as rtc0
[   26.702499] input: AT Translated Set 2 keyboard as /devices/platform/i8042/serio0/input/input2
[   26.707463] rtc_cmos rtc_cmos: alarms up to one day, 114 bytes nvram
[   2673242 ic /dev entries driver
[   26.950888] device-mapper: uevent: version 1.0.3

[   26.954966] device-mapper: ioctl: 4.34.0-ioctl (2015-10-28) initialised: dm-devel@redhat.com
[   26.963061] ledtrig-cpu: registered to indicate activity on CPUs
[   26.968569] NET: Registered protocol family 10
[   26.974390] NET: Registered protocol family 17
[   26.979659] Key type dns_resolver registered
[   26.984324] microcode: CPU0 sig=0x306a9, pf=0x2, revision=0x19
[   26.987361] microcode: CPU1 sig=0x306a9, pf=0x2, revision=0x19
[   26.993856] microcode: Microcode Update Driver: v2.01 <tigran@aivazian.fsnet.co.uk>, Peter Oruba
[   27.001043] registered taskstats version 1
[   27.010092] Loading compiled-in X.509 certificates
[   27.021471] Loaded X.509 cert 'Build time autogenerated kernel key: aa84f01984fbd529c105810b59e379d349698248'
[   27.030545] zswap: loaded using pool lzo/zbud
[   27.039578] Key type trusted registered
[   27.058592] Key type encrypted registered
[   27.063736] AppArmor: AppArmor sha1 policy hashing enabled
[   27.066501] ima: No TPM chip found, activating TPM-bypass!
[   27.069197] evm: HMAC attrs: 0x1
[   27.079762]   Magic number: 10:427:138
[   27.084527] rtc_cmos rtc_cmos: setting system clock to 2018-03-21 17:08:12 UTC (1521652092)
[   27.101355] BIOS EDD facility v0.16 2004-Jun-25, 0 devices found
[   27.108204] EDD information not available.
[   27.114054] Freeing unused kernel memory: 1508K
[   27.116416] Write protecting the kernel read-only data: 14336k
[   27.122141] Freeing unused kernel memory: 1700K
[   27.125612] Freeing unused kernel memory: 104K
Loading, please wait...
starting version 229
[   27.168029] random: systemd-udevd: uninitialized urandom read (16 bytes read, 3 bits of entropy available)
[   27.171404] random: udevadm: uninitialized urandom read (16 bytes read, 3 bits of entropy available)
[   27.171517] random: udevadm: uninitialized urandom read (16 bytes read, 3 bits of entropy available)
[   27.200438] random: systemd-udevd: uninitialized urandom read (16 bytes read, 3 bits of entropy available)
[   27.201081] random: udevadm: uninitialized urandom read (16 bytes read, 3 bits of entropy available)
[   27.201185] random: udevadm: uninitialized urandom read (16 bytes read, 3 bits of entropy available)
[   27.201563] random: udevadm: uninitialized urandom read (16 bytes read, 3 bits of entropy available)
[   27.201695] random: udevadm: uninitialized urandom read (16 bytes read, 3 bits of entropy available)
[   27.201821] random: udevadm: uninitialized urandom read (16 bytes read, 3 bits of entropy available)
[   27.201981] random: udevadm: uninitialized urandom read (16 bytes read, 3 bits of entropy available)
[   27.333714] e1000: Intel(R) PRO/1000 Network Driver - version 7.3.21-k8-NAPI
[   27.374714] e1000: Copyright (c) 1999-2006 Intel Corporation.
[   27.419778] Fusion MPT base driver 3.04.20
[   27.447559] Copyright (c) 1999-2008 LSI Corporation
[   27.485239] Fusion MPT SPI Host driver 3.04.20
[   27.709184] input: ImExPS/2 Generic Explorer Mouse as /devices/platform/i8042/serio1/input/input4
[   28.001236] e1000 0000:00:03.0 eth0: (PCI:33MHz:32-bit) 02:ec:c5:86:c8:d5
[   28.046684] e1000 0000:00:03.0 eth0: Intel(R) PRO/1000 Network Connection
[   28.052042] mptbase: ioc0: Initiating bringup
[   28.052431] e1000 0000:00:03.0 enp0s3: renamed from eth0
[   28.157143] ioc0: LSI53C1030 A0: Capabilities={Initiator}
[   28.326037] scsi host2: ioc0: LSI53C1030 A0, FwRev=00000000h, Ports=1, MaxQ=256, IRQ=20
[   28.465946] scsi 2:0:0:0: Direct-Access     VBOX     HARDDISK         1.0  PQ: 0 ANSI: 5
[   28.734058] scsi target2:0:0: Beginning Domain Validation
[   28.738709] scsi target2:0:0: Domain Validation skipping write tests
[   28.741742] scsi target2:0:0: Ending Domain Validation
[   29.271083] scsi target2:0:0: asynchronous
[   29.275618] scsi 2:0:1:0: Direct-Access     VBOX     HARDDISK         1.0  PQ: 0 ANSI: 5
[   29.305143] scsi target2:0:1: Beginning Domain Validation
[   29.327980] scsi target2:0:1: Domain Validation skipping write tests
[   29.332162] scsi target2:0:1: Ending Domain Validation
[   30.451494] floppy0: no floppy controllers found
[   30.455844] scsi target2:0:1: asynchronous
[   30.472758] sd 2:0:0:0: Attached scsi generic sg0 type 0
[   30.476085] sd 2:0:0:0: [sda] 20971520 512-byte logical blocks: (10.7 GB/10.0 GiB)
[   30.480785] sd 2:0:1:0: Attached scsi generic sg1 type 0
[   30.481633] sd 2:0:1:0: [sdb] 20480 512-byte logical blocks: (10.5 MB/10.0 MiB)
[   30.481975] sd 2:0:1:0: [sdb] Write Protect is off
[   30.482234] sd 2:0:1:0: [sdb] Incomplete mode parameter data
[   30.482237] sd 2:0:1:0: [sdb] Assuming drive cache: write through
[   30.492793] sd 2:0:0:0: [sda] Write Protect is off
[   30.493074] sd 2:0:0:0: [sda] Incomplete mode parameter data
[   30.493077] sd 2:0:0:0: [sda] Assuming drive cache: write through
[   30.554549]  sda: sda1
[   31.128665] sd 2:0:1:0: [sdb] Attached SCSI disk
[   32.790097] sd 2:0:0:0: [sda] Attached SCSI disk
Begin: Loading e[   35.361809] md: linear personality registered for level -1
ssential drivers ... [   35.414153] md: multipath personality registered for level -4
[   35.501663] md: raid0 personality registered for level 0
[   35.562627] md: raid1 personality registered for level 1
[   35.700623] raid6: sse2x1   gen()  3038 MB/s
[   35.776578] raid6: sse2x1   xor()  2488 MB/s
[   35.884586] raid6: sse2x2   gen()  3895 MB/s
[   35.984606] raid6: sse2x2   xor()  2688 MB/s
[   36.060673] raid6: sse2x4   gen()  4388 MB/s
[   36.160649] raid6: sse2x4   xor()  3320 MB/s
[   36.180084] raid6: using algorithm sse2x4 gen() 4388 MB/s
[   36.212021] raid6: .... xor() 3320 MB/s, rmw enabled
[   36.229091] raid6: using ssse3x2 recovery algorithm
[   36.235291] xor: automatically using best checksumming function:
[   36.292638]    avx       :  5979.000 MB/sec
[   36.305050] async_tx: api initialized (async)
[   36.324343] md: raid6 personality registered for level 6
[   36.369234] md: raid5 personality registered for level 5
[   36.409744] md: raid4 personality registered for level 4
[   36.464834] md: raid10 personality registered for level 10
done.
Begin: Running /scripts/init-premount ... done.
Begin: Mounting root file sys[   36.547323] Btrfs loaded
tem ... Begin: Running /scripts/local-top ... done.
Begin: Running /scripts/loc[   36.630594] EXT4-fs (sda1): INFO: recovery required on readonly filesystem
al-premount ... [   36.714841] EXT4-fs (sda1): write access will be enabled during recovery
Scanning for Btrfs filesystems
done.
Warning: fsck not present, so skipping root file system
[   37.054380] EXT4-fs (sda1): orphan cleanup on readonly fs
[   37.113358] EXT4-fs (sda1): 5 orphan inodes deleted
[   37.123546] EXT4-fs (sda1): recovery complete
[   37.128660] random: nonblocking pool is initialized
[   37.176121] EXT4-fs (sda1): mounted filesystem with ordered data mode. Opts: (null)
done.
Begin: Running /scripts/local-bottom ... done.
Begin: Running /scripts/init-bottom ... done.
[   38.440109] systemd[1]: systemd 229 running in system mode. (+PAM +AUDIT +SELINUX +IMA +APPARMOR +SMACK +SYSVINIT +UTMP +LIBCRYPTSETUP +GCRYPT +GNUTLS +ACL +XZ -LZ4 +SECCOMP +BLKID +ELFUTILS +KMOD -IDN)
[   38.463224] systemd[1]: Detected virtualization oracle.
[   38.493975] systemd[1]: Detected architecture x86-64.

Welcome to [1mUbuntu 16.04.4 LTS[0m!

[   38.548698] systemd[1]: Set hostname to <ubuntu-xenial>.
[[  40.366764] systemd[1]: Created slice User and Session Slice.
[[0;32m  OK  [0m] Created slice User and Session Slice.
[   40.461083] systemd[1]: Started Trigger resolvconf update for networkd DNS.
[[0;32m  OK  [0m] Started Trigger resolvconf update for networkd DNS.
[   40.557379] systemd[1]: Set up automount Arbitrary Executable File Formats File System Automount Point.
[[0;32m  OK  [0m] Set up automount Arbitrary Executab...ats File System Automount Point.
[   40.693273] systemd[1]: Listening on Journal Audit Socket.
[[0;32m  OK  [0m] Listening on Journal Audit Socket.
[   40.769514] systemd[1]: Listening on Journal Socket.
[[0;32m  OK  [0m] Listening on Journal Socket.
[   40.821323] systemd[1]: Reached target System Time Synchronized.
[[0;32m  OK  [0m] Reached target System Time Synchronized.
[   40.848478] systemd[1]: Reached target User and Group Name Lookups.
[[0;32m  OK  [0m] Reached target User and Group Name Lookups.
[   40.862812] systemd[1]: Started Forward Password Requests to Wall Directory Watch.
[[0;32m  OK  [0m] Started Forward Password Requests to Wall Directory Watch.
[   40.977306] systemd[1]: Listening on /dev/initctl Compatibility Named Pipe.
[[0;32m  OK  [0m] Listening on /dev/initctl Compatibility Named Pipe.
[   41.060301] systemd[1]: Created slice System Slice.
[[0;32m  OK  [0m] Created slice System Slice.
[   41.137919] systemd[1]: Reached target Slices.
[[0;32m  OK  [0m] Reached target Slices.
[   41.180972] systemd[1]: Mounting Huge Pages File System...
         Mounting Huge Pages File System...
[   41.261045] systemd[1]: Starting Nameserver information manager...
         Starting Nameserver information manager...
[   41.329125] systemd[1]: Starting Create list of required static device nodes for the current kernel...
         Starting Create list of required st... nodes for the current kernel...
[   41.483312] systemd[1]: Starting Uncomplicated firewall...
         Starting Uncomplicated firewall...
[   41.576546] systemd[1]: Mounting POSIX Message Queue File System...
         Mounting POSIX Message Queue File System...
[   41.677118] systemd[1]: Mounting Debug File System...
         Mounting Debug File System...
[   41.752902] systemd[1]: Listening on udev Kernel Socket.
[[0;32m  OK  [0m] Listening on udev Kernel Socket.
[   41.832949] systemd[1]: Listening on Journal Socket (/dev/log).
[[0;32m  OK  [0m] Listening on Journal Socket (/dev/log).
[   41.937952] systemd[1]: Listening on udev Control Socket.
[[0;32m  OK  [0m] Listening on udev Control Socket.
[   41.989150] systemd[1]: Listening on Syslog Socket.
[[0;32m  OK  [0m] Listening on Syslog Socket.
[   42.013319] systemd[1]: Starting Journal Service...
         Starting Journal Service...
[   42.112675] systemd[1]: Starting Load Kernel Modules...
         Starting Load Kernel Modules...
[   42.173387] systemd[1]: Reached target Encrypted Volumes.
[[0;32m  OK  [[   42.213179] Loading iSCSI transport class v2.0-870.
0m] Reached target Encrypted Volumes.
[   42.325017] iscsi: registered transport (tcp)
[   42.361260] systemd[1]: Starting Remount Root and Kernel File Systems...
         Startin[   42.411040] EXT4-fs (sda1): re-mounted. Opts: (null)
g Remount Root and Kernel File Systems...
[   42.480743] systemd[1]: Reached target Swap.
[   425293] sci:reisered transport (iser)

[[0;32m  OK  [0m] Reached target Swap.
[   42.921108] systemd[1]: Listening on LVM2 poll daemon socket.
[[0;32m  OK  [0m] Listening on LVM2 poll daemon socket.
[   42.947593] systemd[1]: Listening on LVM2 metadata daemon socket.
[[0;32m  OK  [0m] Listening on LVM2 metadata daemon socket.
[   42.959066] systemd[1]: Created slice system-serial\x2dgetty.slice.
[[0;32m  OK  [0m] Created slice system-serial\x2dgetty.slice.
[   42.992861] systemd[1]: Starting Set console keymap...
         Starting Set console keymap...
[   43.007303] systemd[1]: Listening on Device-mapper event daemon FIFOs.
[[0;32m  OK  [0m] Listening on Device-mapper event daemon FIFOs.
[   43.064985] systemd[1]: Starting Monitoring of LVM2 mirrors, snapshots etc. using dmeventd or progress polling...
         Starting Monitoring of LVM2 mirrors... dmeventd or progress polling...
[   43.159079] systemd[1]: Mounted Huge Pages File System.
[[0;32m  OK  [0m] Mounted Huge Pages File System.
[   43.190158] systemd[1]: Mounted POSIX Message Queue File System.
[[0;32m  OK  [0m] Mounted POSIX Message Queue File System.
[   43.201884] systemd[1]: Mounted Debug File System.
[[0;32m  OK  [0m] Mounted Debug File System.
[   43.206868] systemd[1]: Started Journal Service.
[[0;32m  OK  [0m] Started Journal Service.
[[0;32m  OK  [0m] Started Create list of required sta...ce nodes for the current kernel.
[[0;32m  OK  [0m] Started Uncomplicated firewall.
[[0;32m  OK  [0m] Started Load Kernel Modules.
[[0;32m  OK  [0m] Started Remount Root and Kernel File Systems.
[[0;32m  OK  [0m] Started Set console keymap.
[[0;32m  OK  [0m] Started Nameserver information manager.
[[0;32m  OK  [0m] Started LVM2 metadata daemon.
         Starting Load/Save Random Seed...
         Starting udev Coldplug all Devices...
         Starting Initial cloud-init job (pre-networking)...
         Mounting FUSE Control File System...
         Starting Apply Kernel Variables...
         Starting Create Static Device Nodes in /dev...
         Starting Flush Journal to Persistent Storage...
[[0;32m  OK  [0m] Mounted FUSE Control File System.
[[0;32m  OK  [0m] Started Load/Save Random Seed.
[[0;32m  OK  [0m] Started udev Coldplug all Devices.
[[0;32m  OK  [0m] Started Monitoring of LVM2 mirrors,...ng dmeventd or progress polling.
[   44.325977] systemd-journald[373]: Received request to flush runtime journal from PID 1
[[0;32m  OK  [0m] Started Flush Journal to Persistent Storage.
[[0;32m  OK  [0m] Started Apply Kernel Variables.
[[0;32m  OK  [0m] Started Create Static Device Nodes in /dev.
         Starting udev Kernel Device Manager...
[[0;32m  OK  [0m] Started udev Kernel Device Manager.
[[0;32m  OK  [0m] Started Dispatch Password Requests to Console Directory Watch.
[[0;32m  OK  [0m] Reached target Local File Systems (Pre).
[[0;32m  OK  [0m] Reached target Local File Systems.
         Starting Create Volatile Files and Directories...
         Starting LSB: AppArmor initialization...
         Starting Tell Plymouth To Write Out Runtime Data...
         Starting Set console font and keymap...
[[0;32m  OK  [0m] Started Tell Plymouth To Write Out Runtime Data.
[[0;32m  OK  [0m] Started Create Volatile Files and Directories.
[[0;32m  OK  [0m] Found device /dev/ttyS0.
         Starting Update UTMP about System Boot/Shutdown...
[[0;32m  OK  [0m] Started Update UTMP about System Boot/Shutdown.
[[0;32m  OK  [0m] Started Set console font and keymap.
[[0;32m  OK  [0m] Created slice system-getty.slice.
[[0;32m  OK  [0m] Found device 82540EM Gigabit Ethern...r (PRO/1000 MT Desktop Adapter).
[[0;32m  OK  [0m] Listening on Load/Save RF Kill Switch Status /dev/rfkill Watch.
[[0;32m  OK  [0m] Started LSB: AppArmor initialization.
[   36.184915] cloud-init[423]: Cloud-init v. 17.2 running 'init-local' at Wed, 21 Mar 2018 17:08:37 +0000. Up 35.21 seconds.
[[0;32m  OK  [0m] Started Initial cloud-init job (pre-networking).
[[0;32m  OK  [0m] Reached target Network (Pre).
[[0;32m  OK  [0m] Started ifup for enp0s3.
         Starting Raise network interfaces...
[[0;32m  OK  [0m] Started Raise network interfaces.
         Starting Initial cloud-init job (metadata service crawler)...
[[0;32m  OK  [0m] Reached target Network.
[   38.683487] cloud-init[956]: Cloud-init v. 17.2 running 'init' at Wed, 21 Mar 2018 17:08:39 +0000. Up 37.54 seconds.
[[   38.771558] cloud-init[956]: ci-info: +++++++++++++++++++++++++++++++++++++Net device info++++++++++++++++++++++++++++++++++++++
[   38.772795] cloud-init[956]: ci-info: +--------+------+----------------------------+---------------+-------+-------------------+
[   38.773267] cloud-init[956]: ci-info: | Device |  Up  |          Address           |      Mask     | Scope |     Hw-Address    |
[   38.773765] cloud-init[956]: ci-info: +--------+------+----------------------------+---------------+-------+-------------------+
[   38.774151] cloud-init[956]: ci-info: | enp0s3 | True |         10.0.2.15          | 255.255.255.0 |   .   | 02:ec:c5:86:c8:d5 |
[   38.774527] cloud-init[956]: ci-info: | enp0s3 | True | fe80::ec:c5ff:fe86:c8d5/64 |       .       |  link | 02:ec:c5:86:c8:d5 |
[   38.774903] cloud-init[956]: ci-info: |   lo   | True |         127.0.0.1          |   255.0.0.0   |   .   |         .         |
[   38.775336] cloud-init[956]: ci-info: |   lo   | True |          ::1/128           |       .       |  host |         .         |
[   38.775720] cloud-init[956]: ci-info: +--------+------+----------------------------+---------------+-------+-------------------+
[   38.776192] cloud-init[956]: ci-info: +++++++++++++++++++++++++++Route IPv4 info++++++++++++++++++++++++++++
[   38.776488] cloud-init[956]: ci-info: +-------+-------------+----------+---------------+-----------+-------+
[   38.777282] cloud-init[956]: ci-info: | Route | Destination | Gateway  |    Genmask    | Interface | Flags |
[   38.777624] cloud-init[956]: ci-info: +-------+-------------+----------+---------------+-----------+-------+
[   38.778030] cloud-init[956]: ci-info: |   0   |   0.0.0.0   | 10.0.2.2 |    0.0.0.0    |   enp0s3  |   UG  |
[   38.778418] cloud-init[956]: ci-info: |   1   |   10.0.2.0  | 0.0.0.0  | 255.255.255.0 |   enp0s3  |   U   |
[   38.778817] cloud-init[956]: ci-info: +-------+-------------+----------+---------------+-----------+-------+
[0;32m  OK  [0m] Started Initial cloud-init job (metadata service crawler).
[[0;32m  OK  [0m] Reached target System Initialization.
         Starting Socket activation for snappy daemon.
[[0;32m  OK  [0m] Started Daily apt download activities.
[[0;32m  OK  [0m] Started Daily apt upgrade and clean activities.
[[0;32m  OK  [0m] Listening on ACPID Listen Socket.
[[0;32m  OK  [0m] Started ACPI Events Check.
[[0;32m  OK  [0m] Reached target Paths.
[[0;32m  OK  [0m] Started Timer to automatically refresh installed snaps.
[[0;32m  OK  [0m] Started Daily Cleanup of Temporary Directories.
[[0;32m  OK  [0m] Reached target Timers.
[[0;32m  OK  [0m] Listening on UUID daemon activation socket.
[[0;32m  OK  [0m] Listening on D-Bus System Message Bus Socket.
         Starting LXD - unix socket.
[[0;32m  OK  [0m] Reached target Network is Online.
         Starting iSCSI initiator daemon (iscsid)...
[[0;32m  OK  [0m] Reached target Cloud-config availability.
[[0;32m  OK  [0m] Listening on Socket activation for snappy daemon.
[[0;32m  OK  [0m] Listening on LXD - unix socket.
[[0;32m  OK  [0m] Reached target Sockets.
[[0;32m  OK  [0m] Reached target Basic System.
         Starting vboxadd.service...
[[0;32m  OK  [0m] Started D-Bus System Message Bus.
         Starting LSB: Record successful boot for GRUB...
         Starting Login Service...
         Starting Daily apt upgrade and clean activities...
[[0;32m  OK  [0m] Started Unattended Upgrades Shutdown.
         Starting Apply the settings specified in cloud-config...
         Starting LSB: MD monitoring daemon...
         Starting LXD - container startup/shutdown...
         Starting OpenBSD Secure Shell server...
[[0;32m  OK  [0m] Started FUSE filesystem for LXC.
[[0;32m  OK  [0m] Started ACPI event daemon.
[[0;32m  OK  [0m] Started Deferred execution scheduler.
         Starting System Logging Service...
         Starting /etc/rc.local Compatibility...
[[0;32m  OK  [0m] Started Regular background program processing daemon.
         Starting MySQL Community Server...
         Starting Accounts Service...
         Starting Snappy daemon...
[[0;32m  OK  [0m] Started iSCSI initiator daemon (iscsid).
[[0;32m  OK  [0m] Started vboxadd.service.
[[0;32m  OK  [0m] Started /etc/rc.local Compatibility.
[[0;32m  OK  [0m] Started Login Service.
         Starting vboxadd-service.service...
         Starting Login to default iSCSI targets...
[[0;32m  OK  [0m] Started LSB: Record successful boot for GRUB.
[[0;32m  OK  [0m] Started LSB: MD monitoring daemon.
[[0;32m  OK  [0m] Started Login to default iSCSI targets.
[[0;32m  OK  [0m] Reached target Remote File Systems (Pre).
[[0;32m  OK  [0m] Reached target Remote File Systems.
         Starting LSB: daemon to balance interrupts for SMP systems...
         Starting Permit User Sessions...
         Starting LSB: Set the CPU Frequency Scaling governor to "ondemand"...
         Starting LSB: automatic crash report generation...
[[0;32m  OK  [0m] Started vboxadd-service.service.
[[0;32m  OK  [0m] Started Permit User Sessions.
         Starting Terminate Plymouth Boot Screen...
         Starting Hold until boot process finishes up...
[[0;32m  OK  [0m] Started LSB: Set the CPU Frequency Scaling governor to "ondemand".
[[0;32m  OK  [0m] Started Terminate Plymouth Boot Screen.
[[0;32m  OK  [0m] Started Hold until boot process finishes up.
[[0;32m  OK  [0m] Started System Logging Service.
[[0;32m  OK  [0m] Started Getty on tty1.
[[0;32m  OK  [0m] Started Serial Getty on ttyS0.
[[0;32m  OK  [0m] Reached target Login Prompts.
         Starting Set console scheme...
[[0;32m  OK  [0m] Started LSB: daemon to balance interrupts for SMP systems.
[[0;32m  OK  [0m] Started OpenBSD Secure Shell server.
[[0;32m  OK  [0m] Started Set console scheme.
[   43.787418] cloud-init[1046]: Cloud-init v. 17.2 running 'modules:config' at Wed, 21 Mar 2018 17:08:44 +0000. Up 42.34 seconds.
[[0;32m  OK  [0m] Started LSB: automatic crash report generation.
[[0;32m  OK  [0m] Started Apply the settings specified in cloud-config.
         Starting Authenticate and Authorize Users to Run Privileged Tasks...
[[0;32m  OK  [0m] Started Authenticate and Authorize Users to Run Privileged Tasks.
[[0;32m  OK  [0m] Started Accounts Service.
[[0;32m  OK  [0m] Started LXD - container startup/shutdown.
[[0;32m  OK  [0m] Created slice User Slice of vagrant.
         Starting User Manager for UID 1000...
[[0;32m  OK  [0m] Started Session 1 of user vagrant.
[[0;32m  OK  [0m] Started User Manager for UID 1000.

Ubuntu 16.04.4 LTS ubuntu-xenial ttyS0

ubuntu-xenial login: [   54.184045] cloud-init[1510]: Cloud-init v. 17.2 running 'modules:final' at Wed, 21 Mar 2018 17:08:56 +0000. Up 53.78 seconds.
[   54.185472] cloud-init[1510]: Cloud-init v. 17.2 finished at Wed, 21 Mar 2018 17:08:56 +0000. Datasource DataSourceNoCloud [seed=/dev/sdb][dsmode=net].  Up 54.16 seconds
